0 info it worked if it ends with ok
1 verbose cli [ 'C:\\Program Files\\nodejs\\node.exe',
1 verbose cli   'C:\\Program Files\\nodejs\\node_modules\\npm\\bin\\npm-cli.js',
1 verbose cli   'install' ]
2 info using npm@3.10.9
3 info using node@v6.9.2
4 silly loadCurrentTree Starting
5 silly install loadCurrentTree
6 silly install readLocalPackageData
7 silly install normalizeTree
8 silly loadCurrentTree Finishing
9 silly loadIdealTree Starting
10 silly install loadIdealTree
11 silly cloneCurrentTree Starting
12 silly install cloneCurrentTreeToIdealTree
13 silly cloneCurrentTree Finishing
14 silly loadShrinkwrap Starting
15 silly install loadShrinkwrap
16 silly loadShrinkwrap Finishing
17 silly loadAllDepsIntoIdealTree Starting
18 silly install loadAllDepsIntoIdealTree
19 silly fetchNamedPackageData oraclejet
20 silly mapToRegistry name oraclejet
21 silly mapToRegistry using default registry
22 silly mapToRegistry registry https://registry.npmjs.org/
23 silly mapToRegistry data Result {
23 silly mapToRegistry   raw: 'oraclejet',
23 silly mapToRegistry   scope: null,
23 silly mapToRegistry   escapedName: 'oraclejet',
23 silly mapToRegistry   name: 'oraclejet',
23 silly mapToRegistry   rawSpec: '',
23 silly mapToRegistry   spec: 'latest',
23 silly mapToRegistry   type: 'tag' }
24 silly mapToRegistry uri https://registry.npmjs.org/oraclejet
25 verbose request uri https://registry.npmjs.org/oraclejet
26 verbose request no auth needed
27 info attempt registry request try #1 at 2:28:11 PM
28 verbose request id 3bf05f1417d401bd
29 http request GET https://registry.npmjs.org/oraclejet
30 info retry will retry, error on last attempt: Error: tunneling socket could not be established, cause=getaddrinfo ENOTFOUND www-proxy.us.oracle.com www-proxy.us.oracle.com:80
31 info attempt registry request try #2 at 2:28:21 PM
32 http request GET https://registry.npmjs.org/oraclejet
33 info retry will retry, error on last attempt: Error: tunneling socket could not be established, cause=getaddrinfo ENOTFOUND www-proxy.us.oracle.com www-proxy.us.oracle.com:80
34 info attempt registry request try #3 at 2:29:21 PM
35 http request GET https://registry.npmjs.org/oraclejet
36 silly fetchPackageMetaData Error: tunneling socket could not be established, cause=getaddrinfo ENOTFOUND www-proxy.us.oracle.com www-proxy.us.oracle.com:80
36 silly fetchPackageMetaData     at ClientRequest.onError (C:\Program Files\nodejs\node_modules\npm\node_modules\request\node_modules\tunnel-agent\index.js:176:17)
36 silly fetchPackageMetaData     at ClientRequest.g (events.js:291:16)
36 silly fetchPackageMetaData     at emitOne (events.js:96:13)
36 silly fetchPackageMetaData     at ClientRequest.emit (events.js:188:7)
36 silly fetchPackageMetaData     at Socket.socketErrorListener (_http_client.js:310:9)
36 silly fetchPackageMetaData     at emitOne (events.js:96:13)
36 silly fetchPackageMetaData     at Socket.emit (events.js:188:7)
36 silly fetchPackageMetaData     at connectErrorNT (net.js:1022:8)
36 silly fetchPackageMetaData     at _combinedTickCallback (internal/process/next_tick.js:74:11)
36 silly fetchPackageMetaData     at process._tickCallback (internal/process/next_tick.js:98:9)
36 silly fetchPackageMetaData  error for oraclejet@~3.0.0 { Error: tunneling socket could not be established, cause=getaddrinfo ENOTFOUND www-proxy.us.oracle.com www-proxy.us.oracle.com:80
36 silly fetchPackageMetaData     at ClientRequest.onError (C:\Program Files\nodejs\node_modules\npm\node_modules\request\node_modules\tunnel-agent\index.js:176:17)
36 silly fetchPackageMetaData     at ClientRequest.g (events.js:291:16)
36 silly fetchPackageMetaData     at emitOne (events.js:96:13)
36 silly fetchPackageMetaData     at ClientRequest.emit (events.js:188:7)
36 silly fetchPackageMetaData     at Socket.socketErrorListener (_http_client.js:310:9)
36 silly fetchPackageMetaData     at emitOne (events.js:96:13)
36 silly fetchPackageMetaData     at Socket.emit (events.js:188:7)
36 silly fetchPackageMetaData     at connectErrorNT (net.js:1022:8)
36 silly fetchPackageMetaData     at _combinedTickCallback (internal/process/next_tick.js:74:11)
36 silly fetchPackageMetaData     at process._tickCallback (internal/process/next_tick.js:98:9) code: 'ECONNRESET' }
37 silly rollbackFailedOptional Starting
38 silly rollbackFailedOptional Finishing
39 silly runTopLevelLifecycles Finishing
40 silly install printInstalled
41 verbose stack Error: tunneling socket could not be established, cause=getaddrinfo ENOTFOUND www-proxy.us.oracle.com www-proxy.us.oracle.com:80
41 verbose stack     at ClientRequest.onError (C:\Program Files\nodejs\node_modules\npm\node_modules\request\node_modules\tunnel-agent\index.js:176:17)
41 verbose stack     at ClientRequest.g (events.js:291:16)
41 verbose stack     at emitOne (events.js:96:13)
41 verbose stack     at ClientRequest.emit (events.js:188:7)
41 verbose stack     at Socket.socketErrorListener (_http_client.js:310:9)
41 verbose stack     at emitOne (events.js:96:13)
41 verbose stack     at Socket.emit (events.js:188:7)
41 verbose stack     at connectErrorNT (net.js:1022:8)
41 verbose stack     at _combinedTickCallback (internal/process/next_tick.js:74:11)
41 verbose stack     at process._tickCallback (internal/process/next_tick.js:98:9)
42 verbose cwd D:\MyWork\NetBeans\hexicloud.ssi.ui\New DevCS\HexiCloudUIRel\HexiCloud
43 error Windows_NT 6.1.7601
44 error argv "C:\\Program Files\\nodejs\\node.exe" "C:\\Program Files\\nodejs\\node_modules\\npm\\bin\\npm-cli.js" "install"
45 error node v6.9.2
46 error npm  v3.10.9
47 error code ECONNRESET
48 error network tunneling socket could not be established, cause=getaddrinfo ENOTFOUND www-proxy.us.oracle.com www-proxy.us.oracle.com:80
49 error network This is most likely not a problem with npm itself
49 error network and is related to network connectivity.
49 error network In most cases you are behind a proxy or have bad network settings.
49 error network
49 error network If you are behind a proxy, please make sure that the
49 error network 'proxy' config is set properly.  See: 'npm help config'
50 verbose exit [ 1, true ]
